<?xml version="1.0" encoding="UTF-8"?>
<included>
    <appender name="TEST_LOG" class="ch.qos.logback.core.rolling.RollingFileAppender">
        <file>./log/test/test-${BY_SECONDS}.log</file>
        <filter class="ch.qos.logback.classic.filter.LevelFilter">
            <level>INFO</level>
        </filter>
        <rollingPolicy class="ch.qos.logback.core.rolling.TimeBasedRollingPolicy">
            <fileNamePattern>./backup/test/test-%d{yyyyMMdd}-%i.log</fileNamePattern>
            <timeBasedFileNamingAndTriggeringPolicy class="ch.qos.logback.core.rolling.SizeAndTimeBasedFNATP">
                <maxFileSize>100MB</maxFileSize>
            </timeBasedFileNamingAndTriggeringPolicy>
            <totalSizeCap>3GB</totalSizeCap>
        </rollingPolicy>

        <encoder>
            <charset>utf8</charset>
            <pattern>${LOG_PATTERN}</pattern>
        </encoder>
    </appender>
</included>
